2024-08-12 20:58:15 info: Post created
2024-08-12 21:00:21 error: Admins only
2024-08-12 21:01:29 error: Admins only
2024-08-12 21:02:03 error: "password" length must be at least 8 characters long
2024-08-12 21:02:28 error: invalid signature
2024-08-12 21:02:47 error: email or password is incorrect
2024-08-22 18:14:46 info: You have no spare parts yet!!
2024-08-22 18:16:47 error: sparePart validation failed: image: Path `image` is required.
2024-08-22 18:17:19 info: Post created
2024-08-22 18:18:34 info: Spare Part Updated
2024-08-22 18:18:53 info: Spare Part Updated
2024-08-25 22:15:46 error: undefined
2024-08-25 22:16:49 error: Password should include o
2024-08-25 22:18:18 error: Password should include o
2024-08-25 22:19:47 error: Password should include o
2024-08-25 22:21:58 error: Password should include o
2024-08-25 22:22:18 error: password must be at least 3 characters
2024-08-25 22:22:29 error: Password should include o
2024-08-25 22:22:38 error: Password should include o
2024-08-25 22:22:44 error: password must be at least 3 characters
2024-08-25 22:23:13 error: password must be at least 8 characters
2024-08-25 22:23:22 error: password must be at least 8 characters
2024-08-25 22:23:35 error: Password should include o
2024-08-25 22:24:05 error: Enter a valid email
2024-08-25 22:26:47 error: Enter a valid email
2024-08-25 22:26:53 error: Enter a valid email
2024-08-25 22:27:01 error: Enter a valid email
2024-08-25 22:27:08 error: Email already exists!!
2024-08-25 22:28:59 error: Enter a valid email
2024-08-25 22:29:06 error: Enter a valid email
2024-08-25 22:29:40 error: undefined
2024-08-25 22:30:01 error: Enter a valid email
2024-08-25 22:30:12 error: email or password is incorrect
2024-08-25 22:30:16 error: email or password is incorrect
2024-08-25 22:30:21 error: email or password is incorrect
